<?xml version="1.0" encoding="utf-8"?><testsuites><testsuite name="pytest" errors="0" failures="0" skipped="0" tests="4" time="254.433" timestamp="2023-10-24T16:08:22.482500" hostname="DiegoHL"><testcase classname="tests.model.test_model.TestModel" name="test_model_fit" time="62.806" /><testcase classname="tests.model.test_model.TestModel" name="test_model_predict" time="62.618" /><testcase classname="tests.model.test_model.TestModel" name="test_model_preprocess_for_serving" time="61.751" /><testcase classname="tests.model.test_model.TestModel" name="test_model_preprocess_for_training" time="62.325" /></testsuite></testsuites>