<?xml version="1.0" encoding="utf-8"?><testsuites><testsuite name="pytest" errors="0" failures="0" skipped="0" tests="4" time="52.335" timestamp="2023-10-24T16:32:58.531922" hostname="DiegoHL"><testcase classname="tests.model.test_model.TestModel" name="test_model_fit" time="11.895" /><testcase classname="tests.model.test_model.TestModel" name="test_model_predict" time="11.970" /><testcase classname="tests.model.test_model.TestModel" name="test_model_preprocess_for_serving" time="11.597" /><testcase classname="tests.model.test_model.TestModel" name="test_model_preprocess_for_training" time="11.703" /></testsuite></testsuites>