<?xml version="1.0" encoding="utf-8"?><testsuites><testsuite name="pytest" errors="0" failures="0" skipped="0" tests="4" time="55.733" timestamp="2023-10-25T11:50:19.997635" hostname="DiegoHL"><testcase classname="tests.model.test_model.TestModel" name="test_model_fit" time="13.266" /><testcase classname="tests.model.test_model.TestModel" name="test_model_predict" time="13.375" /><testcase classname="tests.model.test_model.TestModel" name="test_model_preprocess_for_serving" time="12.945" /><testcase classname="tests.model.test_model.TestModel" name="test_model_preprocess_for_training" time="12.943" /></testsuite></testsuites>