<?xml version="1.0" encoding="utf-8"?><testsuites><testsuite name="pytest" errors="0" failures="0" skipped="0" tests="4" time="6.361" timestamp="2023-10-26T21:37:48.487081" hostname="DiegoHL"><testcase classname="tests.api.test_api.TestBatchPipeline" name="test_should_failed_unkown_column_1" time="0.274" /><testcase classname="tests.api.test_api.TestBatchPipeline" name="test_should_failed_unkown_column_2" time="0.095" /><testcase classname="tests.api.test_api.TestBatchPipeline" name="test_should_failed_unkown_column_3" time="0.094" /><testcase classname="tests.api.test_api.TestBatchPipeline" name="test_should_get_predict" time="0.159" /></testsuite></testsuites>